2023-12-27 23:58:26,425 - INFO - This is an INFO message
2023-12-28 00:16:33,057 - INFO - This is an INFO message
2023-12-28 00:29:27,796 - connected
2023-12-28 00:29:27,796 - connected
2023-12-28 00:36:51,275 - connected
2023-12-28 01:16:25,651 - db[None] - fbs_conn -> connected 
2023-12-28 01:16:57,465 - db[0] - fbs_conn -> connected 
2023-12-28 01:41:58,063 - connect - db[0] - hadoop 
2023-12-28 01:41:58,081 - connect - db[0] - fbs_conn 
2023-12-28 01:41:58,084 - commande- fbs_conn - ACL GETUSER default
2023-12-28 01:41:58,087 - commande- fbs_conn - SET mykey Hello
2023-12-28 01:41:58,089 - commande- fbs_conn - GET mykey
2023-12-28 01:41:58,092 - commande- fbs_conn - PING
2023-12-28 01:41:58,095 - commande- fbs_conn - INFO
2023-12-28 01:41:58,099 - set key value - fbs_conn - key: r1 | value: testvalue 
2023-12-28 01:41:58,102 - set key value - fbs_conn - key: 34 | value: football 
2023-12-28 01:41:58,105 - set key value - fbs_conn - key: 21 | value: redis 
2023-12-28 01:43:37,749 - connect - db[0] - hadoop 
2023-12-28 01:43:37,770 - connect - db[0] - fbs_conn 
2023-12-28 01:43:37,773 - commande- fbs_conn - ACL GETUSER default
2023-12-28 01:43:37,776 - commande- fbs_conn - SET mykey Hello
2023-12-28 01:43:37,778 - commande- fbs_conn - GET mykey
2023-12-28 01:43:37,781 - commande- fbs_conn - PING
2023-12-28 01:43:37,785 - commande- fbs_conn - INFO
2023-12-28 01:43:37,788 - set key value - fbs_conn - key: r1 | value: testvalue 
2023-12-28 01:43:37,790 - set key value - fbs_conn - key: 34 | value: football 
2023-12-28 01:43:37,793 - set key value - fbs_conn - key: 21 | value: redis 
2023-12-28 01:43:44,907 - connect - db[0] - test 
2023-12-28 01:43:44,909 - set key value - test - key: r1 | value: home 
2023-12-28 01:43:44,912 - set key value - test - key: 34 | value: football 
2023-12-28 01:43:44,914 - set key value - test - key: 21 | value: redis 
2023-12-28 01:44:17,997 - connect - db[0] - fbs_conn 
2023-12-28 01:44:18,001 - commande- fbs_conn - ACL GETUSER default
2023-12-28 01:44:18,004 - commande- fbs_conn - SET mykey Hello
2023-12-28 01:44:18,006 - commande- fbs_conn - GET mykey
2023-12-28 01:44:18,008 - commande- fbs_conn - PING
2023-12-28 01:44:18,011 - commande- fbs_conn - INFO
2023-12-28 01:51:12,462 - connect - db[0] - fbs_conn 
2023-12-28 01:51:12,465 - get value - fbs_conn - testing -> <Response 41 bytes [200 OK]> 
2023-12-28 01:51:21,692 - connect - db[0] - fbs_conn 
2023-12-28 01:51:21,695 - get value - fbs_conn - testing -> <Response 41 bytes [200 OK]> 
2023-12-28 01:52:57,575 - connect - db[0] - fbs_conn 
2023-12-28 01:52:57,578 - get value - fbs_conn - testing -> <Response 41 bytes [200 OK]> 
2023-12-28 01:54:34,851 - connect - db[0] - fbs_conn 
2023-12-28 01:54:34,855 - get value - fbs_conn - testing -> <Response 41 bytes [200 OK]> 
2023-12-28 01:56:00,881 - connect - db[0] - fbs_conn 
2023-12-28 01:56:00,884 - get value - fbs_conn - testing  
2023-12-28 11:27:00,812 - delete key - fbs_conn - key: testing 
2023-12-28 11:37:52,603 - connect - db[0] - fbs_conn 
2023-12-28 11:39:17,363 - connect - db[0] - hadoop 
2023-12-28 11:39:17,386 - connect - db[0] - fbs_conn 
2023-12-28 11:39:17,389 - commande- fbs_conn - ACL GETUSER default
2023-12-28 11:39:17,393 - commande- fbs_conn - SET mykey Hello
2023-12-28 11:39:17,398 - commande- fbs_conn - GET mykey
2023-12-28 11:39:17,402 - commande- fbs_conn - PING
2023-12-28 11:39:17,406 - commande- fbs_conn - INFO
2023-12-28 11:39:17,409 - set key value - fbs_conn - key: r1 | value: testvalue 
2023-12-28 11:39:17,413 - set key value - fbs_conn - key: 34 | value: football 
2023-12-28 11:39:17,416 - set key value - fbs_conn - key: 21 | value: redis 
2023-12-28 11:40:24,772 - connect - db[0] - hadoop 
2023-12-28 11:40:24,794 - connect - db[0] - fbs_conn 
2023-12-28 11:40:24,799 - commande- fbs_conn - ACL GETUSER default
2023-12-28 11:40:24,803 - commande- fbs_conn - SET mykey Hello
2023-12-28 11:40:24,806 - commande- fbs_conn - GET mykey
2023-12-28 11:40:24,808 - commande- fbs_conn - PING
2023-12-28 11:40:24,812 - commande- fbs_conn - INFO
2023-12-28 11:40:24,815 - set key value - fbs_conn - key: r1 | value: testvalue 
2023-12-28 11:40:24,818 - set key value - fbs_conn - key: 34 | value: football 
2023-12-28 11:40:24,821 - set key value - fbs_conn - key: 21 | value: redis 
2023-12-28 11:40:53,955 - connect - db[0] - hadoop 
2023-12-28 11:40:53,977 - connect - db[0] - fbs_conn 
2023-12-28 11:40:53,981 - commande- fbs_conn - ACL GETUSER default
2023-12-28 11:40:53,985 - commande- fbs_conn - SET mykey Hello
2023-12-28 11:40:53,988 - commande- fbs_conn - GET mykey
2023-12-28 11:40:53,991 - commande- fbs_conn - PING
2023-12-28 11:40:53,994 - commande- fbs_conn - INFO
2023-12-28 11:40:53,997 - set key value - fbs_conn - key: r1 | value: testvalue 
2023-12-28 11:40:54,001 - set key value - fbs_conn - key: 34 | value: football 
2023-12-28 11:40:54,004 - set key value - fbs_conn - key: 21 | value: redis 
2023-12-28 11:42:26,282 - connect - db[0] - fbs_conn 
2023-12-28 11:42:52,228 - connect - db[0] - fbs_conn 
2023-12-28 13:37:18,835 - connect - db[0] - fbs_conn 
2023-12-28 13:38:14,164 - connect - db[0] - fbs_conn 
2023-12-28 13:39:24,955 - connect - db[0] - fbs_conn 
2023-12-28 13:40:06,702 - connect - db[0] - fbs_conn 
2023-12-28 14:48:02,401 - connect - db[0] - fbs_conn 
2023-12-28 14:49:00,690 - connect - db[0] - fbs_conn 
2023-12-28 15:06:33,925 - connect - db[0] - fbs_conn 
2023-12-28 15:07:13,795 - connect - db[0] - fbs_conn 
2023-12-28 15:07:22,872 - connect - db[0] - fbs_conn 
2023-12-28 15:08:10,356 - connect - db[0] - fbs_conn 
2023-12-28 15:10:40,946 - connect - db[0] - fbs_conn 
2023-12-28 15:11:54,888 - connect - db[0] - fbs_conn 
